# JRE version: OpenJDK Runtime Environment (8.0_302-b08) (build 1.8.0_302-b08)
# Java VM: OpenJDK 64-Bit Server VM (25.302-b08 mixed mode windows-amd64 compressed oops)
Heap:
 PSYoungGen      total 153088K, used 149719K [0x00000000eab00000, 0x00000000f5580000, 0x0000000100000000)
  eden space 131584K, 97% used [0x00000000eab00000,0x00000000f2839778,0x00000000f2b80000)
  from space 21504K, 99% used [0x00000000f4080000,0x00000000f557c4d8,0x00000000f5580000)
  to   space 21504K, 0% used [0x00000000f2b80000,0x00000000f2b80000,0x00000000f4080000)
 ParOldGen       total 349696K, used 12618K [0x00000000c0000000, 0x00000000d5580000, 0x00000000eab00000)
  object space 349696K, 3% used [0x00000000c0000000,0x00000000c0c52ab0,0x00000000d5580000)
 Metaspace       used 19440K, capacity 20712K, committed 20864K, reserved 1067008K
  class space    used 2307K, capacity 2580K, committed 2688K, reserved 1048576K
GC Heap History (10 events):
Event: 1.613 GC heap before
{Heap before GC invocations=2 (full 0):
 PSYoungGen      total 153088K, used 153076K [0x00000000eab00000, 0x00000000f5580000, 0x0000000100000000)
  eden space 131584K, 100% used [0x00000000eab00000,0x00000000f2b80000,0x00000000f2b80000)
  from space 21504K, 99% used [0x00000000f2b80000,0x00000000f407d268,0x00000000f4080000)
  to   space 21504K, 0% used [0x00000000f4080000,0x00000000f4080000,0x00000000f5580000)
 ParOldGen       total 349696K, used 9227K [0x00000000c0000000, 0x00000000d5580000, 0x00000000eab00000)
  object space 349696K, 2% used [0x00000000c0000000,0x00000000c0902d68,0x00000000d5580000)
 Metaspace       used 18490K, capacity 19474K, committed 19712K, reserved 1067008K
  class space    used 2210K, capacity 2467K, committed 2560K, reserved 1048576K
Event: 1.623 GC heap after
Heap after GC invocations=2 (full 0):
 PSYoungGen      total 153088K, used 21489K [0x00000000eab00000, 0x00000000f5580000, 0x0000000100000000)
  eden space 131584K, 0% used [0x00000000eab00000,0x00000000eab00000,0x00000000f2b80000)
  from space 21504K, 99% used [0x00000000f4080000,0x00000000f557c4d8,0x00000000f5580000)
  to   space 21504K, 0% used [0x00000000f2b80000,0x00000000f2b80000,0x00000000f4080000)
 ParOldGen       total 349696K, used 11794K [0x00000000c0000000, 0x00000000d5580000, 0x00000000eab00000)
  object space 349696K, 3% used [0x00000000c0000000,0x00000000c0b84ab0,0x00000000d5580000)
 Metaspace       used 18490K, capacity 19474K, committed 19712K, reserved 1067008K
  class space    used 2210K, capacity 2467K, committed 2560K, reserved 1048576K
}
Event: 1.704 GC heap before
{Heap before GC invocations=3 (full 0):
 PSYoungGen      total 153088K, used 153073K [0x00000000eab00000, 0x00000000f5580000, 0x0000000100000000)
  eden space 131584K, 100% used [0x00000000eab00000,0x00000000f2b80000,0x00000000f2b80000)
  from space 21504K, 99% used [0x00000000f4080000,0x00000000f557c4d8,0x00000000f5580000)
  to   space 21504K, 0% used [0x00000000f2b80000,0x00000000f2b80000,0x00000000f4080000)
 ParOldGen       total 349696K, used 11794K [0x00000000c0000000, 0x00000000d5580000, 0x00000000eab00000)
  object space 349696K, 3% used [0x00000000c0000000,0x00000000c0b84ab0,0x00000000d5580000)
 Metaspace       used 18594K, capacity 19684K, committed 19968K, reserved 1067008K
  class space    used 2216K, capacity 2470K, committed 2560K, reserved 1048576K
Event: 1.711 GC heap after
Heap after GC invocations=3 (full 0):
 PSYoungGen      total 153088K, used 21489K [0x00000000eab00000, 0x00000000f5580000, 0x0000000100000000)
  eden space 131584K, 0% used [0x00000000eab00000,0x00000000eab00000,0x00000000f2b80000)
  from space 21504K, 99% used [0x00000000f2b80000,0x00000000f407c4d8,0x00000000f4080000)
  to   space 21504K, 0% used [0x00000000f4080000,0x00000000f4080000,0x00000000f5580000)
 ParOldGen       total 349696K, used 12298K [0x00000000c0000000, 0x00000000d5580000, 0x00000000eab00000)
  object space 349696K, 3% used [0x00000000c0000000,0x00000000c0c02ab0,0x00000000d5580000)
 Metaspace       used 18594K, capacity 19684K, committed 19968K, reserved 1067008K
  class space    used 2216K, capacity 2470K, committed 2560K, reserved 1048576K
}
Event: 1.762 GC heap before
{Heap before GC invocations=4 (full 0):
 PSYoungGen      total 153088K, used 153073K [0x00000000eab00000, 0x00000000f5580000, 0x0000000100000000)
  eden space 131584K, 100% used [0x00000000eab00000,0x00000000f2b80000,0x00000000f2b80000)
  from space 21504K, 99% used [0x00000000f2b80000,0x00000000f407c4d8,0x00000000f4080000)
  to   space 21504K, 0% used [0x00000000f4080000,0x00000000f4080000,0x00000000f5580000)
 ParOldGen       total 349696K, used 12298K [0x00000000c0000000, 0x00000000d5580000, 0x00000000eab00000)
  object space 349696K, 3% used [0x00000000c0000000,0x00000000c0c02ab0,0x00000000d5580000)
 Metaspace       used 18596K, capacity 19684K, committed 19968K, reserved 1067008K
  class space    used 2216K, capacity 2470K, committed 2560K, reserved 1048576K
Event: 1.771 GC heap after
Heap after GC invocations=4 (full 0):
 PSYoungGen      total 153088K, used 21489K [0x00000000eab00000, 0x00000000f5580000, 0x0000000100000000)
  eden space 131584K, 0% used [0x00000000eab00000,0x00000000eab00000,0x00000000f2b80000)
  from space 21504K, 99% used [0x00000000f4080000,0x00000000f557c4d8,0x00000000f5580000)
  to   space 21504K, 0% used [0x00000000f2b80000,0x00000000f2b80000,0x00000000f4080000)
 ParOldGen       total 349696K, used 12402K [0x00000000c0000000, 0x00000000d5580000, 0x00000000eab00000)
  object space 349696K, 3% used [0x00000000c0000000,0x00000000c0c1cab0,0x00000000d5580000)
 Metaspace       used 18596K, capacity 19684K, committed 19968K, reserved 1067008K
  class space    used 2216K, capacity 2470K, committed 2560K, reserved 1048576K
}
Event: 1.820 GC heap before
{Heap before GC invocations=5 (full 0):
 PSYoungGen      total 153088K, used 153073K [0x00000000eab00000, 0x00000000f5580000, 0x0000000100000000)
  eden space 131584K, 100% used [0x00000000eab00000,0x00000000f2b80000,0x00000000f2b80000)
  from space 21504K, 99% used [0x00000000f4080000,0x00000000f557c4d8,0x00000000f5580000)
  to   space 21504K, 0% used [0x00000000f2b80000,0x00000000f2b80000,0x00000000f4080000)
 ParOldGen       total 349696K, used 12402K [0x00000000c0000000, 0x00000000d5580000, 0x00000000eab00000)
  object space 349696K, 3% used [0x00000000c0000000,0x00000000c0c1cab0,0x00000000d5580000)
 Metaspace       used 18596K, capacity 19684K, committed 19968K, reserved 1067008K
  class space    used 2216K, capacity 2470K, committed 2560K, reserved 1048576K
Event: 1.827 GC heap after
Heap after GC invocations=5 (full 0):
 PSYoungGen      total 153088K, used 21473K [0x00000000eab00000, 0x00000000f5580000, 0x0000000100000000)
  eden space 131584K, 0% used [0x00000000eab00000,0x00000000eab00000,0x00000000f2b80000)
  from space 21504K, 99% used [0x00000000f2b80000,0x00000000f40784c8,0x00000000f4080000)
  to   space 21504K, 0% used [0x00000000f4080000,0x00000000f4080000,0x00000000f5580000)
 ParOldGen       total 349696K, used 12506K [0x00000000c0000000, 0x00000000d5580000, 0x00000000eab00000)
  object space 349696K, 3% used [0x00000000c0000000,0x00000000c0c36ab0,0x00000000d5580000)
 Metaspace       used 18596K, capacity 19684K, committed 19968K, reserved 1067008K
  class space    used 2216K, capacity 2470K, committed 2560K, reserved 1048576K
}
Event: 1.866 GC heap before
{Heap before GC invocations=6 (full 0):
 PSYoungGen      total 153088K, used 153057K [0x00000000eab00000, 0x00000000f5580000, 0x0000000100000000)
  eden space 131584K, 100% used [0x00000000eab00000,0x00000000f2b80000,0x00000000f2b80000)
  from space 21504K, 99% used [0x00000000f2b80000,0x00000000f40784c8,0x00000000f4080000)
  to   space 21504K, 0% used [0x00000000f4080000,0x00000000f4080000,0x00000000f5580000)
 ParOldGen       total 349696K, used 12506K [0x00000000c0000000, 0x00000000d5580000, 0x00000000eab00000)
  object space 349696K, 3% used [0x00000000c0000000,0x00000000c0c36ab0,0x00000000d5580000)
 Metaspace       used 18596K, capacity 19684K, committed 19968K, reserved 1067008K
  class space    used 2216K, capacity 2470K, committed 2560K, reserved 1048576K
Event: 1.873 GC heap after
Heap after GC invocations=6 (full 0):
 PSYoungGen      total 153088K, used 21489K [0x00000000eab00000, 0x00000000f5580000, 0x0000000100000000)
  eden space 131584K, 0% used [0x00000000eab00000,0x00000000eab00000,0x00000000f2b80000)
  from space 21504K, 99% used [0x00000000f4080000,0x00000000f557c4d8,0x00000000f5580000)
  to   space 21504K, 0% used [0x00000000f2b80000,0x00000000f2b80000,0x00000000f4080000)
 ParOldGen       total 349696K, used 12618K [0x00000000c0000000, 0x00000000d5580000, 0x00000000eab00000)
  object space 349696K, 3% used [0x00000000c0000000,0x00000000c0c52ab0,0x00000000d5580000)
 Metaspace       used 18596K, capacity 19684K, committed 19968K, reserved 1067008K
  class space    used 2216K, capacity 2470K, committed 2560K, reserved 1048576K
}

