# JRE version: OpenJDK Runtime Environment (8.0_302-b08) (build 1.8.0_302-b08)
# Java VM: OpenJDK 64-Bit Server VM (25.302-b08 mixed mode windows-amd64 compressed oops)
Heap:
 PSYoungGen      total 284672K, used 265593K [0x0000000715f80000, 0x0000000728a80000, 0x00000007c0000000)
  eden space 263168K, 92% used [0x0000000715f80000,0x0000000724de5ec8,0x0000000726080000)
  from space 21504K, 99% used [0x0000000727580000,0x0000000728a78800,0x0000000728a80000)
  to   space 21504K, 0% used [0x0000000726080000,0x0000000726080000,0x0000000727580000)
 ParOldGen       total 349696K, used 10646K [0x00000005c1e00000, 0x00000005d7380000, 0x0000000715f80000)
  object space 349696K, 3% used [0x00000005c1e00000,0x00000005c2865b70,0x00000005d7380000)
 Metaspace       used 9747K, capacity 9846K, committed 9984K, reserved 1058816K
  class space    used 900K, capacity 915K, committed 1024K, reserved 1048576K
GC Heap History (10 events):
Event: 1.231 GC heap before
{Heap before GC invocations=2 (full 0):
 PSYoungGen      total 153088K, used 139007K [0x0000000715f80000, 0x0000000720a00000, 0x00000007c0000000)
  eden space 131584K, 100% used [0x0000000715f80000,0x000000071e000000,0x000000071e000000)
  from space 21504K, 34% used [0x000000071e000000,0x000000071e73fe50,0x000000071f500000)
  to   space 21504K, 0% used [0x000000071f500000,0x000000071f500000,0x0000000720a00000)
 ParOldGen       total 349696K, used 80K [0x00000005c1e00000, 0x00000005d7380000, 0x0000000715f80000)
  object space 349696K, 0% used [0x00000005c1e00000,0x00000005c1e14010,0x00000005d7380000)
 Metaspace       used 8905K, capacity 9046K, committed 9088K, reserved 1056768K
  class space    used 845K, capacity 883K, committed 896K, reserved 1048576K
Event: 1.248 GC heap after
Heap after GC invocations=2 (full 0):
 PSYoungGen      total 153088K, used 21492K [0x0000000715f80000, 0x0000000728a80000, 0x00000007c0000000)
  eden space 131584K, 0% used [0x0000000715f80000,0x0000000715f80000,0x000000071e000000)
  from space 21504K, 99% used [0x000000071f500000,0x00000007209fd0d8,0x0000000720a00000)
  to   space 21504K, 0% used [0x000000071e000000,0x000000071e000000,0x000000071f500000)
 ParOldGen       total 349696K, used 3590K [0x00000005c1e00000, 0x00000005d7380000, 0x0000000715f80000)
  object space 349696K, 1% used [0x00000005c1e00000,0x00000005c2181b90,0x00000005d7380000)
 Metaspace       used 8905K, capacity 9046K, committed 9088K, reserved 1056768K
  class space    used 845K, capacity 883K, committed 896K, reserved 1048576K
}
Event: 1.418 GC heap before
{Heap before GC invocations=3 (full 0):
 PSYoungGen      total 153088K, used 153076K [0x0000000715f80000, 0x0000000728a80000, 0x00000007c0000000)
  eden space 131584K, 100% used [0x0000000715f80000,0x000000071e000000,0x000000071e000000)
  from space 21504K, 99% used [0x000000071f500000,0x00000007209fd0d8,0x0000000720a00000)
  to   space 21504K, 0% used [0x000000071e000000,0x000000071e000000,0x000000071f500000)
 ParOldGen       total 349696K, used 3590K [0x00000005c1e00000, 0x00000005d7380000, 0x0000000715f80000)
  object space 349696K, 1% used [0x00000005c1e00000,0x00000005c2181b90,0x00000005d7380000)
 Metaspace       used 9343K, capacity 9430K, committed 9600K, reserved 1058816K
  class space    used 869K, capacity 883K, committed 896K, reserved 1048576K
Event: 1.437 GC heap after
Heap after GC invocations=3 (full 0):
 PSYoungGen      total 153088K, used 21477K [0x0000000715f80000, 0x0000000728a80000, 0x00000007c0000000)
  eden space 131584K, 0% used [0x0000000715f80000,0x0000000715f80000,0x000000071e000000)
  from space 21504K, 99% used [0x000000071e000000,0x000000071f4f9600,0x000000071f500000)
  to   space 21504K, 0% used [0x0000000727580000,0x0000000727580000,0x0000000728a80000)
 ParOldGen       total 349696K, used 8518K [0x00000005c1e00000, 0x00000005d7380000, 0x0000000715f80000)
  object space 349696K, 2% used [0x00000005c1e00000,0x00000005c26519c0,0x00000005d7380000)
 Metaspace       used 9343K, capacity 9430K, committed 9600K, reserved 1058816K
  class space    used 869K, capacity 883K, committed 896K, reserved 1048576K
}
Event: 1.526 GC heap before
{Heap before GC invocations=4 (full 0):
 PSYoungGen      total 153088K, used 153061K [0x0000000715f80000, 0x0000000728a80000, 0x00000007c0000000)
  eden space 131584K, 100% used [0x0000000715f80000,0x000000071e000000,0x000000071e000000)
  from space 21504K, 99% used [0x000000071e000000,0x000000071f4f9600,0x000000071f500000)
  to   space 21504K, 0% used [0x0000000727580000,0x0000000727580000,0x0000000728a80000)
 ParOldGen       total 349696K, used 8518K [0x00000005c1e00000, 0x00000005d7380000, 0x0000000715f80000)
  object space 349696K, 2% used [0x00000005c1e00000,0x00000005c26519c0,0x00000005d7380000)
 Metaspace       used 9369K, capacity 9430K, committed 9600K, reserved 1058816K
  class space    used 869K, capacity 883K, committed 896K, reserved 1048576K
Event: 1.546 GC heap after
Heap after GC invocations=4 (full 0):
 PSYoungGen      total 284672K, used 21482K [0x0000000715f80000, 0x0000000728a80000, 0x00000007c0000000)
  eden space 263168K, 0% used [0x0000000715f80000,0x0000000715f80000,0x0000000726080000)
  from space 21504K, 99% used [0x0000000727580000,0x0000000728a7aa58,0x0000000728a80000)
  to   space 21504K, 0% used [0x0000000726080000,0x0000000726080000,0x0000000727580000)
 ParOldGen       total 349696K, used 8662K [0x00000005c1e00000, 0x00000005d7380000, 0x0000000715f80000)
  object space 349696K, 2% used [0x00000005c1e00000,0x00000005c26759d0,0x00000005d7380000)
 Metaspace       used 9369K, capacity 9430K, committed 9600K, reserved 1058816K
  class space    used 869K, capacity 883K, committed 896K, reserved 1048576K
}
Event: 1.822 GC heap before
{Heap before GC invocations=5 (full 0):
 PSYoungGen      total 284672K, used 284650K [0x0000000715f80000, 0x0000000728a80000, 0x00000007c0000000)
  eden space 263168K, 100% used [0x0000000715f80000,0x0000000726080000,0x0000000726080000)
  from space 21504K, 99% used [0x0000000727580000,0x0000000728a7aa58,0x0000000728a80000)
  to   space 21504K, 0% used [0x0000000726080000,0x0000000726080000,0x0000000727580000)
 ParOldGen       total 349696K, used 8662K [0x00000005c1e00000, 0x00000005d7380000, 0x0000000715f80000)
  object space 349696K, 2% used [0x00000005c1e00000,0x00000005c26759d0,0x00000005d7380000)
 Metaspace       used 9413K, capacity 9494K, committed 9600K, reserved 1058816K
  class space    used 870K, capacity 883K, committed 896K, reserved 1048576K
Event: 1.854 GC heap after
Heap after GC invocations=5 (full 0):
 PSYoungGen      total 284672K, used 21475K [0x0000000715f80000, 0x0000000728a80000, 0x00000007c0000000)
  eden space 263168K, 0% used [0x0000000715f80000,0x0000000715f80000,0x0000000726080000)
  from space 21504K, 99% used [0x0000000726080000,0x0000000727578f00,0x0000000727580000)
  to   space 21504K, 0% used [0x0000000727580000,0x0000000727580000,0x0000000728a80000)
 ParOldGen       total 349696K, used 9878K [0x00000005c1e00000, 0x00000005d7380000, 0x0000000715f80000)
  object space 349696K, 2% used [0x00000005c1e00000,0x00000005c27a5aa0,0x00000005d7380000)
 Metaspace       used 9413K, capacity 9494K, committed 9600K, reserved 1058816K
  class space    used 870K, capacity 883K, committed 896K, reserved 1048576K
}
Event: 2.166 GC heap before
{Heap before GC invocations=6 (full 0):
 PSYoungGen      total 284672K, used 284372K [0x0000000715f80000, 0x0000000728a80000, 0x00000007c0000000)
  eden space 263168K, 99% used [0x0000000715f80000,0x000000072603c3d0,0x0000000726080000)
  from space 21504K, 99% used [0x0000000726080000,0x0000000727578f00,0x0000000727580000)
  to   space 21504K, 0% used [0x0000000727580000,0x0000000727580000,0x0000000728a80000)
 ParOldGen       total 349696K, used 9878K [0x00000005c1e00000, 0x00000005d7380000, 0x0000000715f80000)
  object space 349696K, 2% used [0x00000005c1e00000,0x00000005c27a5aa0,0x00000005d7380000)
 Metaspace       used 9713K, capacity 9782K, committed 9984K, reserved 1058816K
  class space    used 900K, capacity 915K, committed 1024K, reserved 1048576K
Event: 2.188 GC heap after
Heap after GC invocations=6 (full 0):
 PSYoungGen      total 284672K, used 21474K [0x0000000715f80000, 0x0000000728a80000, 0x00000007c0000000)
  eden space 263168K, 0% used [0x0000000715f80000,0x0000000715f80000,0x0000000726080000)
  from space 21504K, 99% used [0x0000000727580000,0x0000000728a78800,0x0000000728a80000)
  to   space 21504K, 0% used [0x0000000726080000,0x0000000726080000,0x0000000727580000)
 ParOldGen       total 349696K, used 10646K [0x00000005c1e00000, 0x00000005d7380000, 0x0000000715f80000)
  object space 349696K, 3% used [0x00000005c1e00000,0x00000005c2865b70,0x00000005d7380000)
 Metaspace       used 9713K, capacity 9782K, committed 9984K, reserved 1058816K
  class space    used 900K, capacity 915K, committed 1024K, reserved 1048576K
}

