# JRE version: OpenJDK Runtime Environment (8.0_302-b08) (build 1.8.0_302-b08)
# Java VM: OpenJDK 64-Bit Server VM (25.302-b08 mixed mode windows-amd64 compressed oops)
Heap:
 PSYoungGen      total 327680K, used 95637K [0x00000000eab00000, 0x0000000100000000, 0x0000000100000000)
  eden space 306176K, 24% used [0x00000000eab00000,0x00000000ef36c390,0x00000000fd600000)
  from space 21504K, 99% used [0x00000000feb00000,0x00000000ffff9410,0x0000000100000000)
  to   space 21504K, 0% used [0x00000000fd600000,0x00000000fd600000,0x00000000feb00000)
 ParOldGen       total 349696K, used 61873K [0x00000000c0000000, 0x00000000d5580000, 0x00000000eab00000)
  object space 349696K, 17% used [0x00000000c0000000,0x00000000c3c6c788,0x00000000d5580000)
 Metaspace       used 17107K, capacity 18388K, committed 18688K, reserved 1064960K
  class space    used 2194K, capacity 2502K, committed 2560K, reserved 1048576K
GC Heap History (8 events):
Event: 0.631 GC heap before
{Heap before GC invocations=1 (full 0):
 PSYoungGen      total 153088K, used 131584K [0x00000000eab00000, 0x00000000f5580000, 0x0000000100000000)
  eden space 131584K, 100% used [0x00000000eab00000,0x00000000f2b80000,0x00000000f2b80000)
  from space 21504K, 0% used [0x00000000f4080000,0x00000000f4080000,0x00000000f5580000)
  to   space 21504K, 0% used [0x00000000f2b80000,0x00000000f2b80000,0x00000000f4080000)
 ParOldGen       total 349696K, used 0K [0x00000000c0000000, 0x00000000d5580000, 0x00000000eab00000)
  object space 349696K, 0% used [0x00000000c0000000,0x00000000c0000000,0x00000000d5580000)
 Metaspace       used 9470K, capacity 9926K, committed 9984K, reserved 1058816K
  class space    used 1123K, capacity 1231K, committed 1280K, reserved 1048576K
Event: 0.646 GC heap after
Heap after GC invocations=1 (full 0):
 PSYoungGen      total 153088K, used 21493K [0x00000000eab00000, 0x00000000fd600000, 0x0000000100000000)
  eden space 131584K, 0% used [0x00000000eab00000,0x00000000eab00000,0x00000000f2b80000)
  from space 21504K, 99% used [0x00000000f2b80000,0x00000000f407d768,0x00000000f4080000)
  to   space 21504K, 0% used [0x00000000fc100000,0x00000000fc100000,0x00000000fd600000)
 ParOldGen       total 349696K, used 17994K [0x00000000c0000000, 0x00000000d5580000, 0x00000000eab00000)
  object space 349696K, 5% used [0x00000000c0000000,0x00000000c1192a58,0x00000000d5580000)
 Metaspace       used 9470K, capacity 9926K, committed 9984K, reserved 1058816K
  class space    used 1123K, capacity 1231K, committed 1280K, reserved 1048576K
}
Event: 0.887 GC heap before
{Heap before GC invocations=2 (full 0):
 PSYoungGen      total 153088K, used 153077K [0x00000000eab00000, 0x00000000fd600000, 0x0000000100000000)
  eden space 131584K, 100% used [0x00000000eab00000,0x00000000f2b80000,0x00000000f2b80000)
  from space 21504K, 99% used [0x00000000f2b80000,0x00000000f407d768,0x00000000f4080000)
  to   space 21504K, 0% used [0x00000000fc100000,0x00000000fc100000,0x00000000fd600000)
 ParOldGen       total 349696K, used 17994K [0x00000000c0000000, 0x00000000d5580000, 0x00000000eab00000)
  object space 349696K, 5% used [0x00000000c0000000,0x00000000c1192a58,0x00000000d5580000)
 Metaspace       used 10253K, capacity 10760K, committed 10880K, reserved 1058816K
  class space    used 1224K, capacity 1356K, committed 1408K, reserved 1048576K
Event: 0.909 GC heap after
Heap after GC invocations=2 (full 0):
 PSYoungGen      total 284672K, used 21500K [0x00000000eab00000, 0x00000000fd600000, 0x0000000100000000)
  eden space 263168K, 0% used [0x00000000eab00000,0x00000000eab00000,0x00000000fac00000)
  from space 21504K, 99% used [0x00000000fc100000,0x00000000fd5ff320,0x00000000fd600000)
  to   space 21504K, 0% used [0x00000000fac00000,0x00000000fac00000,0x00000000fc100000)
 ParOldGen       total 349696K, used 40375K [0x00000000c0000000, 0x00000000d5580000, 0x00000000eab00000)
  object space 349696K, 11% used [0x00000000c0000000,0x00000000c276ddb0,0x00000000d5580000)
 Metaspace       used 10253K, capacity 10760K, committed 10880K, reserved 1058816K
  class space    used 1224K, capacity 1356K, committed 1408K, reserved 1048576K
}
Event: 1.892 GC heap before
{Heap before GC invocations=3 (full 0):
 PSYoungGen      total 284672K, used 284668K [0x00000000eab00000, 0x00000000fd600000, 0x0000000100000000)
  eden space 263168K, 100% used [0x00000000eab00000,0x00000000fac00000,0x00000000fac00000)
  from space 21504K, 99% used [0x00000000fc100000,0x00000000fd5ff320,0x00000000fd600000)
  to   space 21504K, 0% used [0x00000000fac00000,0x00000000fac00000,0x00000000fc100000)
 ParOldGen       total 349696K, used 40375K [0x00000000c0000000, 0x00000000d5580000, 0x00000000eab00000)
  object space 349696K, 11% used [0x00000000c0000000,0x00000000c276ddb0,0x00000000d5580000)
 Metaspace       used 16328K, capacity 17540K, committed 17664K, reserved 1064960K
  class space    used 2183K, capacity 2496K, committed 2560K, reserved 1048576K
Event: 1.923 GC heap after
Heap after GC invocations=3 (full 0):
 PSYoungGen      total 284672K, used 21496K [0x00000000eab00000, 0x0000000100000000, 0x0000000100000000)
  eden space 263168K, 0% used [0x00000000eab00000,0x00000000eab00000,0x00000000fac00000)
  from space 21504K, 99% used [0x00000000fac00000,0x00000000fc0fe368,0x00000000fc100000)
  to   space 21504K, 0% used [0x00000000feb00000,0x00000000feb00000,0x0000000100000000)
 ParOldGen       total 349696K, used 56808K [0x00000000c0000000, 0x00000000d5580000, 0x00000000eab00000)
  object space 349696K, 16% used [0x00000000c0000000,0x00000000c377a090,0x00000000d5580000)
 Metaspace       used 16328K, capacity 17540K, committed 17664K, reserved 1064960K
  class space    used 2183K, capacity 2496K, committed 2560K, reserved 1048576K
}
Event: 2.499 GC heap before
{Heap before GC invocations=4 (full 0):
 PSYoungGen      total 284672K, used 284664K [0x00000000eab00000, 0x0000000100000000, 0x0000000100000000)
  eden space 263168K, 100% used [0x00000000eab00000,0x00000000fac00000,0x00000000fac00000)
  from space 21504K, 99% used [0x00000000fac00000,0x00000000fc0fe368,0x00000000fc100000)
  to   space 21504K, 0% used [0x00000000feb00000,0x00000000feb00000,0x0000000100000000)
 ParOldGen       total 349696K, used 56808K [0x00000000c0000000, 0x00000000d5580000, 0x00000000eab00000)
  object space 349696K, 16% used [0x00000000c0000000,0x00000000c377a090,0x00000000d5580000)
 Metaspace       used 16988K, capacity 18312K, committed 18432K, reserved 1064960K
  class space    used 2194K, capacity 2502K, committed 2560K, reserved 1048576K
Event: 2.520 GC heap after
Heap after GC invocations=4 (full 0):
 PSYoungGen      total 327680K, used 21477K [0x00000000eab00000, 0x0000000100000000, 0x0000000100000000)
  eden space 306176K, 0% used [0x00000000eab00000,0x00000000eab00000,0x00000000fd600000)
  from space 21504K, 99% used [0x00000000feb00000,0x00000000ffff9410,0x0000000100000000)
  to   space 21504K, 0% used [0x00000000fd600000,0x00000000fd600000,0x00000000feb00000)
 ParOldGen       total 349696K, used 61873K [0x00000000c0000000, 0x00000000d5580000, 0x00000000eab00000)
  object space 349696K, 17% used [0x00000000c0000000,0x00000000c3c6c788,0x00000000d5580000)
 Metaspace       used 16988K, capacity 18312K, committed 18432K, reserved 1064960K
  class space    used 2194K, capacity 2502K, committed 2560K, reserved 1048576K
}

